<?xml version="1.0" encoding="UTF-8"?>
<testng-results ignored="0" total="1" passed="1" failed="0" skipped="0">
  <reporter-output>
  </reporter-output>
  <suite started-at="2023-04-25T14:06:46 IST" name="Default suite" finished-at="2023-04-25T14:07:55 IST" duration-ms="68886">
    <groups>
    </groups>
    <test started-at="2023-04-25T14:06:46 IST" name="Default test" finished-at="2023-04-25T14:07:55 IST" duration-ms="68886">
      <class name="Pratice.d1Test">
        <test-method signature="sample()[pri:0, instance:Pratice.d1Test@649bec2e]" started-at="2023-04-25T14:06:46 IST" name="sample" finished-at="2023-04-25T14:07:55 IST" duration-ms="68834" status="PASS">
          <reporter-output>
          </reporter-output>
        </test-method> <!-- sample -->
      </class> <!-- Pratice.d1Test -->
    </test> <!-- Default test -->
  </suite> <!-- Default suite -->
</testng-results>
